[23-Sep-2025 18:38:06 Europe/Berlin] API request: action=getRegions, params={"action":"getRegions"}
[23-Sep-2025 18:38:06 Europe/Berlin] Executing getRegions
[23-Sep-2025 18:38:06 Europe/Berlin] API request: action=getSiteCounts, params={"action":"getSiteCounts"}
[23-Sep-2025 18:38:06 Europe/Berlin] getRegions: Found 18 regions
[23-Sep-2025 18:38:06 Europe/Berlin] getSiteCounts params: []
[23-Sep-2025 18:38:06 Europe/Berlin] API request: action=getHardwareCounts, params={"action":"getHardwareCounts"}
[23-Sep-2025 18:38:06 Europe/Berlin] getHardwareCounts params: []
[23-Sep-2025 18:38:06 Europe/Berlin] getSiteCounts: total_sites=441, proponent=270, government=203
[23-Sep-2025 18:38:07 Europe/Berlin] getHardwareCounts: total=2842, servers=477, workstations=2871
[23-Sep-2025 18:38:25 Europe/Berlin] API request: action=getSites, params={"action":"getSites","region_id":"9"}
[23-Sep-2025 18:38:25 Europe/Berlin] API request: action=getSiteCounts, params={"action":"getSiteCounts","region_id":"9"}
[23-Sep-2025 18:38:25 Europe/Berlin] Executing getSites for region_id=9
[23-Sep-2025 18:38:25 Europe/Berlin] getSiteCounts params: {"region_id":"9"}
[23-Sep-2025 18:38:25 Europe/Berlin] API request: action=getHardwareCounts, params={"action":"getHardwareCounts","region_id":"9"}
[23-Sep-2025 18:38:25 Europe/Berlin] getHardwareCounts params: {"region_id":"9"}
[23-Sep-2025 18:38:25 Europe/Berlin] getSiteCounts: total_sites=39, proponent=27, government=13
[23-Sep-2025 18:38:25 Europe/Berlin] getSites: Found 40 sites for region_id=9
[23-Sep-2025 18:38:25 Europe/Berlin] getHardwareCounts: total=226, servers=34, workstations=191
[23-Sep-2025 18:45:06 Europe/Berlin] API request: action=getSiteCounts, params={"action":"getSiteCounts","region_id":""}
[23-Sep-2025 18:45:06 Europe/Berlin] getSiteCounts params: []
[23-Sep-2025 18:45:06 Europe/Berlin] API request: action=getHardwareCounts, params={"action":"getHardwareCounts","region_id":""}
[23-Sep-2025 18:45:06 Europe/Berlin] getHardwareCounts params: []
[23-Sep-2025 18:45:06 Europe/Berlin] getSiteCounts: total_sites=441, proponent=270, government=203
[23-Sep-2025 18:45:06 Europe/Berlin] getHardwareCounts: total=2842, servers=477, workstations=2871
[23-Sep-2025 18:46:44 Europe/Berlin] API request: action=getRegions, params={"action":"getRegions"}
[23-Sep-2025 18:46:44 Europe/Berlin] Executing getRegions
[23-Sep-2025 18:46:44 Europe/Berlin] API request: action=getSiteCounts, params={"action":"getSiteCounts"}
[23-Sep-2025 18:46:44 Europe/Berlin] getSiteCounts params: []
[23-Sep-2025 18:46:44 Europe/Berlin] getRegions: Found 18 regions
[23-Sep-2025 18:46:44 Europe/Berlin] API request: action=getHardwareCounts, params={"action":"getHardwareCounts"}
[23-Sep-2025 18:46:44 Europe/Berlin] getHardwareCounts params: []
[23-Sep-2025 18:46:44 Europe/Berlin] getSiteCounts: total_sites=441, proponent=270, government=203
[23-Sep-2025 18:46:44 Europe/Berlin] getHardwareCounts: total=2842, servers=477, workstations=2871
[23-Sep-2025 18:49:12 Europe/Berlin] API request: action=getSites, params={"action":"getSites","region_id":"9"}
[23-Sep-2025 18:49:12 Europe/Berlin] API request: action=getSiteCounts, params={"action":"getSiteCounts","region_id":"9"}
[23-Sep-2025 18:49:12 Europe/Berlin] Executing getSites for region_id=9
[23-Sep-2025 18:49:12 Europe/Berlin] getSiteCounts params: {"region_id":"9"}
[23-Sep-2025 18:49:12 Europe/Berlin] API request: action=getHardwareCounts, params={"action":"getHardwareCounts","region_id":"9"}
[23-Sep-2025 18:49:12 Europe/Berlin] getHardwareCounts params: {"region_id":"9"}
[23-Sep-2025 18:49:12 Europe/Berlin] getSiteCounts: total_sites=39, proponent=27, government=13
[23-Sep-2025 18:49:12 Europe/Berlin] getSites: Found 40 sites for region_id=9
[23-Sep-2025 18:49:12 Europe/Berlin] getHardwareCounts: total=226, servers=34, workstations=191
[23-Sep-2025 18:49:13 Europe/Berlin] API request: action=getHardwareCounts, params={"action":"getHardwareCounts","region_id":"9","site_code":"0703"}
[23-Sep-2025 18:49:13 Europe/Berlin] getHardwareCounts params: {"region_id":"9","site_code":"0703"}
[23-Sep-2025 18:49:13 Europe/Berlin] API request: action=getSiteCounts, params={"action":"getSiteCounts","region_id":"9","site_code":"0703"}
[23-Sep-2025 18:49:13 Europe/Berlin] getSiteCounts params: {"region_id":"9","site_code":"0703"}
[23-Sep-2025 18:49:14 Europe/Berlin] getHardwareCounts: total=2, servers=1, workstations=6
[23-Sep-2025 18:49:57 Europe/Berlin] API request: action=getHardwareCounts, params={"action":"getHardwareCounts","region_id":"9","site_code":"0"}
[23-Sep-2025 18:49:57 Europe/Berlin] API request: action=getSiteCounts, params={"action":"getSiteCounts","region_id":"9","site_code":"0"}
[23-Sep-2025 18:49:57 Europe/Berlin] getHardwareCounts params: {"region_id":"9"}
[23-Sep-2025 18:49:57 Europe/Berlin] getSiteCounts params: {"region_id":"9"}
[23-Sep-2025 18:49:57 Europe/Berlin] getSiteCounts: total_sites=39, proponent=27, government=13
[23-Sep-2025 18:49:57 Europe/Berlin] getHardwareCounts: total=226, servers=34, workstations=191
[23-Sep-2025 18:50:24 Europe/Berlin] API request: action=getHardwareCounts, params={"action":"getHardwareCounts","region_id":""}
[23-Sep-2025 18:50:24 Europe/Berlin] getHardwareCounts params: []
[23-Sep-2025 18:50:24 Europe/Berlin] API request: action=getSiteCounts, params={"action":"getSiteCounts","region_id":""}
[23-Sep-2025 18:50:24 Europe/Berlin] getSiteCounts params: []
[23-Sep-2025 18:50:24 Europe/Berlin] getSiteCounts: total_sites=441, proponent=270, government=203
[23-Sep-2025 18:50:24 Europe/Berlin] getHardwareCounts: total=2842, servers=477, workstations=2871
[23-Sep-2025 19:02:55 Europe/Berlin] API request: action=getSites, params={"action":"getSites","region_id":"1"}
[23-Sep-2025 19:02:55 Europe/Berlin] Executing getSites for region_id=1
[23-Sep-2025 19:02:55 Europe/Berlin] API request: action=getSiteCounts, params={"action":"getSiteCounts","region_id":"1"}
[23-Sep-2025 19:02:55 Europe/Berlin] getSiteCounts params: {"region_id":"1"}
[23-Sep-2025 19:02:55 Europe/Berlin] API request: action=getHardwareCounts, params={"action":"getHardwareCounts","region_id":"1"}
[23-Sep-2025 19:02:55 Europe/Berlin] getHardwareCounts params: {"region_id":"1"}
[23-Sep-2025 19:02:55 Europe/Berlin] getSiteCounts: total_sites=78, proponent=58, government=20
[23-Sep-2025 19:02:55 Europe/Berlin] getSites: Found 66 sites for region_id=1
[23-Sep-2025 19:02:56 Europe/Berlin] getHardwareCounts: total=0, servers=66, workstations=322
[23-Sep-2025 19:03:58 Europe/Berlin] API request: action=getRegions, params={"action":"getRegions"}
[23-Sep-2025 19:03:58 Europe/Berlin] Executing getRegions
[23-Sep-2025 19:03:58 Europe/Berlin] API request: action=getSiteCounts, params={"action":"getSiteCounts"}
[23-Sep-2025 19:03:58 Europe/Berlin] getSiteCounts params: []
[23-Sep-2025 19:03:58 Europe/Berlin] getRegions: Found 18 regions
[23-Sep-2025 19:03:58 Europe/Berlin] API request: action=getHardwareCounts, params={"action":"getHardwareCounts"}
[23-Sep-2025 19:03:58 Europe/Berlin] getHardwareCounts params: []
[23-Sep-2025 19:03:58 Europe/Berlin] getSiteCounts: total_sites=441, proponent=270, government=203
[23-Sep-2025 19:03:58 Europe/Berlin] getHardwareCounts: total=2842, servers=477, workstations=2871
[23-Sep-2025 19:14:16 Europe/Berlin] API request: action=getRegions, params={"action":"getRegions"}
[23-Sep-2025 19:14:16 Europe/Berlin] Executing getRegions
[23-Sep-2025 19:14:16 Europe/Berlin] API request: action=getSiteCounts, params={"action":"getSiteCounts"}
[23-Sep-2025 19:14:16 Europe/Berlin] getSiteCounts params: []
[23-Sep-2025 19:14:16 Europe/Berlin] getRegions: Found 18 regions
[23-Sep-2025 19:14:16 Europe/Berlin] API request: action=getHardwareCounts, params={"action":"getHardwareCounts"}
[23-Sep-2025 19:14:16 Europe/Berlin] getHardwareCounts params: []
[23-Sep-2025 19:14:16 Europe/Berlin] getSiteCounts: total_sites=441, proponent=270, government=203
[23-Sep-2025 19:14:16 Europe/Berlin] getHardwareCounts: total=2842, servers=477, workstations=2871
[23-Sep-2025 19:14:41 Europe/Berlin] API request: action=getSites, params={"action":"getSites","region_id":"9"}
[23-Sep-2025 19:14:41 Europe/Berlin] API request: action=getHardwareCounts, params={"action":"getHardwareCounts","region_id":"9"}
[23-Sep-2025 19:14:41 Europe/Berlin] getHardwareCounts params: {"region_id":"9"}
[23-Sep-2025 19:14:41 Europe/Berlin] Executing getSites for region_id=9
[23-Sep-2025 19:14:41 Europe/Berlin] API request: action=getSiteCounts, params={"action":"getSiteCounts","region_id":"9"}
[23-Sep-2025 19:14:41 Europe/Berlin] getSiteCounts params: {"region_id":"9"}
[23-Sep-2025 19:14:41 Europe/Berlin] getSiteCounts: total_sites=39, proponent=27, government=13
[23-Sep-2025 19:14:42 Europe/Berlin] getSites: Found 40 sites for region_id=9
[23-Sep-2025 19:14:42 Europe/Berlin] getHardwareCounts: total=226, servers=34, workstations=191
[23-Sep-2025 19:15:34 Europe/Berlin] API request: action=getSiteCounts, params={"action":"getSiteCounts","region_id":"9","site_code":"0702"}
[23-Sep-2025 19:15:34 Europe/Berlin] getSiteCounts params: {"region_id":"9","site_code":"0702"}
[23-Sep-2025 19:15:34 Europe/Berlin] API request: action=getHardwareCounts, params={"action":"getHardwareCounts","region_id":"9","site_code":"0702"}
[23-Sep-2025 19:15:34 Europe/Berlin] getHardwareCounts params: {"region_id":"9","site_code":"0702"}
[23-Sep-2025 19:15:34 Europe/Berlin] getHardwareCounts: total=8, servers=1, workstations=6
[23-Sep-2025 19:16:01 Europe/Berlin] API request: action=getSites, params={"action":"getSites","region_id":"14"}
[23-Sep-2025 19:16:01 Europe/Berlin] API request: action=getHardwareCounts, params={"action":"getHardwareCounts","region_id":"14"}
[23-Sep-2025 19:16:01 Europe/Berlin] Executing getSites for region_id=14
[23-Sep-2025 19:16:01 Europe/Berlin] getHardwareCounts params: {"region_id":"14"}
[23-Sep-2025 19:16:01 Europe/Berlin] API request: action=getSiteCounts, params={"action":"getSiteCounts","region_id":"14"}
[23-Sep-2025 19:16:01 Europe/Berlin] getSiteCounts params: {"region_id":"14"}
[23-Sep-2025 19:16:01 Europe/Berlin] getSiteCounts: total_sites=21, proponent=5, government=12
[23-Sep-2025 19:16:01 Europe/Berlin] getSites: Found 22 sites for region_id=14
[23-Sep-2025 19:16:01 Europe/Berlin] getHardwareCounts: total=106, servers=22, workstations=122
[23-Sep-2025 19:24:18 Europe/Berlin] API request: action=getSites, params={"action":"getSites","region_id":"1"}
[23-Sep-2025 19:24:18 Europe/Berlin] Executing getSites for region_id=1
[23-Sep-2025 19:24:18 Europe/Berlin] API request: action=getSiteCounts, params={"action":"getSiteCounts","region_id":"1"}
[23-Sep-2025 19:24:18 Europe/Berlin] getSiteCounts params: {"region_id":"1"}
[23-Sep-2025 19:24:18 Europe/Berlin] API request: action=getHardwareCounts, params={"action":"getHardwareCounts","region_id":"1"}
[23-Sep-2025 19:24:18 Europe/Berlin] getHardwareCounts params: {"region_id":"1"}
[23-Sep-2025 19:24:18 Europe/Berlin] getSiteCounts: total_sites=78, proponent=58, government=20
[23-Sep-2025 19:24:19 Europe/Berlin] getSites: Found 66 sites for region_id=1
[23-Sep-2025 19:24:19 Europe/Berlin] getHardwareCounts: total=0, servers=66, workstations=322
[23-Sep-2025 19:24:59 Europe/Berlin] API request: action=getSiteCounts, params={"action":"getSiteCounts","region_id":""}
[23-Sep-2025 19:24:59 Europe/Berlin] getSiteCounts params: []
[23-Sep-2025 19:24:59 Europe/Berlin] API request: action=getHardwareCounts, params={"action":"getHardwareCounts","region_id":""}
[23-Sep-2025 19:24:59 Europe/Berlin] getHardwareCounts params: []
[23-Sep-2025 19:24:59 Europe/Berlin] getSiteCounts: total_sites=441, proponent=270, government=203
[23-Sep-2025 19:25:00 Europe/Berlin] getHardwareCounts: total=2842, servers=477, workstations=2871
